<?xml version="1.0" encoding="UTF-8"?>
<!-- Generated by org.testng.reporters.JUnitXMLReporter -->
<testsuite ignored="0" hostname="ITEM-S135709" failures="0" tests="4" name="nopwebsitetesting" time="46.076" errors="0" timestamp="2024-07-21T00:40:36 IST">
  <testcase classname="nopwebsitetesting.noploginpagetest" name="logintest" time="3.776"/>
  <testcase classname="nopwebsitetesting.noploginpagetest" name="logouttest" time="1.689"/>
  <testcase classname="nopwebsitetesting.NOPAddNewCustomerTest" name="nopaddnewcuromer" time="7.461"/>
  <testcase classname="nopwebsitetesting.NOPCustomerSearchTest" name="searchcustomerbyemail" time="25.134"/>
</testsuite> <!-- nopwebsitetesting -->
