<?xml version="1.0" encoding="UTF-8"?>
<testng-results ignored="0" total="4" passed="4" failed="0" skipped="0">
  <reporter-output>
    <line>
      <![CDATA[=====Browser Session Started=====]]>
    </line>
    <line>
      <![CDATA[=====Browser Session End=====]]>
    </line>
    <line>
      <![CDATA[=====Browser Session Started=====]]>
    </line>
    <line>
      <![CDATA[=====Browser Session End=====]]>
    </line>
    <line>
      <![CDATA[=====Browser Session Started=====]]>
    </line>
    <line>
      <![CDATA[=====Browser Session End=====]]>
    </line>
  </reporter-output>
  <suite started-at="2023-02-22T17:33:36 IST" name="com.sopramaven" finished-at="2023-02-22T17:34:39 IST" duration-ms="62728">
    <groups>
    </groups>
    <test started-at="2023-02-22T17:33:36 IST" name="nopwebsitetesting" finished-at="2023-02-22T17:34:39 IST" duration-ms="62728">
      <class name="nopwebsitetesting.noploginpagetest">
        <test-method is-config="true" signature="setupApplication()[pri:0, instance:nopwebsitetesting.noploginpagetest@23e84203]" started-at="2023-02-22T17:33:36 IST" name="setupApplication" finished-at="2023-02-22T17:33:47 IST" duration-ms="11464" status="PASS">
          <reporter-output>
            <line>
              <![CDATA[=====Browser Session Started=====]]>
            </line>
          </reporter-output>
        </test-method> <!-- setupApplication -->
        <test-method signature="logintest()[pri:1, instance:nopwebsitetesting.noploginpagetest@23e84203]" started-at="2023-02-22T17:33:47 IST" name="logintest" finished-at="2023-02-22T17:33:54 IST" duration-ms="6532" status="PASS">
          <reporter-output>
          </reporter-output>
        </test-method> <!-- logintest -->
        <test-method signature="logouttest()[pri:2, instance:nopwebsitetesting.noploginpagetest@23e84203]" started-at="2023-02-22T17:33:54 IST" name="logouttest" finished-at="2023-02-22T17:33:56 IST" duration-ms="1611" status="PASS">
          <reporter-output>
          </reporter-output>
        </test-method> <!-- logouttest -->
        <test-method is-config="true" signature="closeApplication()[pri:0, instance:nopwebsitetesting.noploginpagetest@23e84203]" started-at="2023-02-22T17:33:56 IST" name="closeApplication" finished-at="2023-02-22T17:33:56 IST" duration-ms="138" status="PASS">
          <reporter-output>
            <line>
              <![CDATA[=====Browser Session End=====]]>
            </line>
          </reporter-output>
        </test-method> <!-- closeApplication -->
      </class> <!-- nopwebsitetesting.noploginpagetest -->
      <class name="nopwebsitetesting.NOPAddNewCustomerTest">
        <test-method is-config="true" signature="setupApplication()[pri:0, instance:nopwebsitetesting.NOPAddNewCustomerTest@61c4eee0]" started-at="2023-02-22T17:33:56 IST" name="setupApplication" finished-at="2023-02-22T17:33:59 IST" duration-ms="3031" status="PASS">
          <reporter-output>
            <line>
              <![CDATA[=====Browser Session Started=====]]>
            </line>
          </reporter-output>
        </test-method> <!-- setupApplication -->
        <test-method signature="nopaddnewcuromer()[pri:0, instance:nopwebsitetesting.NOPAddNewCustomerTest@61c4eee0]" started-at="2023-02-22T17:33:59 IST" name="nopaddnewcuromer" finished-at="2023-02-22T17:34:07 IST" duration-ms="8525" status="PASS">
          <reporter-output>
          </reporter-output>
        </test-method> <!-- nopaddnewcuromer -->
        <test-method is-config="true" signature="closeApplication()[pri:0, instance:nopwebsitetesting.NOPAddNewCustomerTest@61c4eee0]" started-at="2023-02-22T17:34:07 IST" name="closeApplication" finished-at="2023-02-22T17:34:07 IST" duration-ms="156" status="PASS">
          <reporter-output>
            <line>
              <![CDATA[=====Browser Session End=====]]>
            </line>
          </reporter-output>
        </test-method> <!-- closeApplication -->
      </class> <!-- nopwebsitetesting.NOPAddNewCustomerTest -->
      <class name="nopwebsitetesting.NOPCustomerSearchTest">
        <test-method is-config="true" signature="setupApplication()[pri:0, instance:nopwebsitetesting.NOPCustomerSearchTest@6f10d5b6]" started-at="2023-02-22T17:34:07 IST" name="setupApplication" finished-at="2023-02-22T17:34:10 IST" duration-ms="2403" status="PASS">
          <reporter-output>
            <line>
              <![CDATA[=====Browser Session Started=====]]>
            </line>
          </reporter-output>
        </test-method> <!-- setupApplication -->
        <test-method signature="searchcustomerbyemail()[pri:0, instance:nopwebsitetesting.NOPCustomerSearchTest@6f10d5b6]" started-at="2023-02-22T17:34:10 IST" name="searchcustomerbyemail" finished-at="2023-02-22T17:34:39 IST" duration-ms="28687" status="PASS">
          <reporter-output>
          </reporter-output>
        </test-method> <!-- searchcustomerbyemail -->
        <test-method is-config="true" signature="closeApplication()[pri:0, instance:nopwebsitetesting.NOPCustomerSearchTest@6f10d5b6]" started-at="2023-02-22T17:34:39 IST" name="closeApplication" finished-at="2023-02-22T17:34:39 IST" duration-ms="148" status="PASS">
          <reporter-output>
            <line>
              <![CDATA[=====Browser Session End=====]]>
            </line>
          </reporter-output>
        </test-method> <!-- closeApplication -->
      </class> <!-- nopwebsitetesting.NOPCustomerSearchTest -->
    </test> <!-- nopwebsitetesting -->
  </suite> <!-- com.sopramaven -->
</testng-results>
